#
# There is insufficient memory for the Java Runtime Environment to continue.
# Native memory allocation (mmap) failed to map 132120576 bytes for Failed to commit area from 0x0000000082000000 to 0x0000000089e00000 of length 132120576.
# Possible reasons:
#   The system is out of physical RAM or swap space
#   The process is running with CompressedOops enabled, and the Java Heap may be blocking the growth of the native heap
# Possible solutions:
#   Reduce memory load on the system
#   Increase physical memory or swap space
#   Check if swap backing store is full
#   Decrease Java heap size (-Xmx/-Xms)
#   Decrease number of Java threads
#   Decrease Java thread stack sizes (-Xss)
#   Set larger code cache with -XX:ReservedCodeCacheSize=
# This output file may be truncated or incomplete.
#
#  Out of Memory Error (./src/hotspot/os/windows/os_windows.cpp:3301), pid=25960, tid=18876
#
# JRE version:  (11.0.11+9) (build )
# Java VM: OpenJDK 64-Bit Server VM (11.0.11+9, mixed mode, sharing, tiered, compressed oops, g1 gc, windows-amd64)
# No core dump will be written. Minidumps are not enabled by default on client versions of Windows
#

---------------  S U M M A R Y ------------

Command Line: com.empmgmt.spring.SpringbootThymeleafCrudWebAppApplication

Host: Intel(R) Core(TM) i7-8565U CPU @ 1.80GHz, 8 cores, 7G,  Windows 10 , 64 bit Build 18362 (10.0.18362.1500)
Time: Sun Feb 27 09:49:24 2022 Pakistan Standard Time elapsed time: 0.025432 seconds (0d 0h 0m 0s)

---------------  T H R E A D  ---------------

Current thread (0x0000019c0bd46000):  JavaThread "Unknown thread" [_thread_in_vm, id=18876, stack(0x000000263e000000,0x000000263e100000)]

Stack: [0x000000263e000000,0x000000263e100000]
Native frames: (J=compiled Java code, j=interpreted, Vv=VM code, C=native code)
V  [jvm.dll+0x5f7e5a]
V  [jvm.dll+0x77ff2e]
V  [jvm.dll+0x7815ff]
V  [jvm.dll+0x781cc3]
V  [jvm.dll+0x247408]
V  [jvm.dll+0x5f500a]
V  [jvm.dll+0x5e9b05]
V  [jvm.dll+0x2fc26c]
V  [jvm.dll+0x2fc0f2]
V  [jvm.dll+0x300da6]
V  [jvm.dll+0x34586f]
V  [jvm.dll+0x3452a0]
V  [jvm.dll+0x2d9498]
V  [jvm.dll+0x2da5e6]
V  [jvm.dll+0x75b577]
V  [jvm.dll+0x75ccff]
V  [jvm.dll+0x3525e9]
V  [jvm.dll+0x73e660]
V  [jvm.dll+0x3b9ddf]
V  [jvm.dll+0x3bc2e1]
C  [jli.dll+0x520b]
C  [ucrtbase.dll+0x210b2]
C  [KERNEL32.DLL+0x17c24]
C  [ntdll.dll+0x6d721]


---------------  P R O C E S S  ---------------

Threads class SMR info:
_java_thread_list=0x0000019c0a3b05c0, length=0, elements={
}

Java Threads: ( => current thread )

Other Threads:
  0x0000019c0bd5f800 GCTaskThread "GC Thread#0" [stack: 0x000000263e100000,0x000000263e200000] [id=30572]
  0x0000019c0bd92800 ConcurrentGCThread "G1 Main Marker" [stack: 0x000000263e200000,0x000000263e300000] [id=41204]
  0x0000019c0bd95000 ConcurrentGCThread "G1 Conc#0" [stack: 0x000000263e300000,0x000000263e400000] [id=42516]

[error occurred during error reporting (printing all threads), id 0xc0000005, EXCEPTION_ACCESS_VIOLATION (0xc0000005) at pc=0x00007ff808128b57]

VM state:not at safepoint (not fully initialized)

VM Mutex/Monitor currently owned by a thread:  ([mutex/lock_event])
[0x0000019c0bd41470] Heap_lock - owner thread: 0x0000019c0bd46000

Heap address: 0x0000000082000000, size: 2016 MB, Compressed Oops mode: Non-zero based: 0x0000000082000000
Narrow klass base: 0x0000000000000000, Narrow klass shift: 0

GC Heap History (0 events):
No events

Deoptimization events (0 events):
No events

Classes redefined (0 events):
No events

Internal exceptions (0 events):
No events

Events (1 events):
Event: 0.010 Loaded shared library C:\Program Files\AdoptOpenJDK\jdk-11.0.11.9-hotspot\bin\zip.dll


Dynamic libraries:
0x00007ff7d6900000 - 0x00007ff7d690d000 	C:\Program Files\AdoptOpenJDK\jdk-11.0.11.9-hotspot\bin\java.exe
0x00007ff8a8d60000 - 0x00007ff8a8f50000 	C:\Windows\SYSTEM32\ntdll.dll
0x00007ff8a8800000 - 0x00007ff8a88b2000 	C:\Windows\System32\KERNEL32.DLL
0x00007ff8a6820000 - 0x00007ff8a6ac5000 	C:\Windows\System32\KERNELBASE.dll
0x00007ff8a5da0000 - 0x00007ff8a5e9a000 	C:\Windows\System32\ucrtbase.dll
0x00007ff879ce0000 - 0x00007ff879cf5000 	C:\Program Files\AdoptOpenJDK\jdk-11.0.11.9-hotspot\bin\VCRUNTIME140.dll
0x00007ff878ca0000 - 0x00007ff878cb7000 	C:\Program Files\AdoptOpenJDK\jdk-11.0.11.9-hotspot\bin\jli.dll
0x00007ff8a85c0000 - 0x00007ff8a8754000 	C:\Windows\System32\USER32.dll
0x00007ff8a6cd0000 - 0x00007ff8a6cf1000 	C:\Windows\System32\win32u.dll
0x00007ff88f040000 - 0x00007ff88f2c4000 	C:\Windows\WinSxS\amd64_microsoft.windows.common-controls_6595b64144ccf1df_6.0.18362.1556_none_9e7e372fe45e41d5\COMCTL32.dll
0x00007ff8a8c20000 - 0x00007ff8a8c46000 	C:\Windows\System32\GDI32.dll
0x00007ff8a8760000 - 0x00007ff8a87fe000 	C:\Windows\System32\msvcrt.dll
0x00007ff8a6ad0000 - 0x00007ff8a6c68000 	C:\Windows\System32\gdi32full.dll
0x00007ff8a7780000 - 0x00007ff8a7ab6000 	C:\Windows\System32\combase.dll
0x00007ff8a6620000 - 0x00007ff8a66be000 	C:\Windows\System32\msvcp_win.dll
0x00007ff8a7390000 - 0x00007ff8a74af000 	C:\Windows\System32\RPCRT4.dll
0x00007ff8a6d30000 - 0x00007ff8a6db1000 	C:\Windows\System32\bcryptPrimitives.dll
0x00007ff8a8510000 - 0x00007ff8a853e000 	C:\Windows\System32\IMM32.DLL
0x00007ff867fa0000 - 0x00007ff868052000 	C:\Program Files\McAfee\Endpoint Security\Threat Prevention\Ips\EpMPApi.dll
0x00007ff8a88c0000 - 0x00007ff8a8963000 	C:\Windows\System32\ADVAPI32.dll
0x00007ff8a8ad0000 - 0x00007ff8a8b67000 	C:\Windows\System32\sechost.dll
0x00007ff8a6c70000 - 0x00007ff8a6ccc000 	C:\Windows\System32\WINTRUST.dll
0x00007ff8a5c70000 - 0x00007ff8a5c82000 	C:\Windows\System32\MSASN1.dll
0x00007ff8a66c0000 - 0x00007ff8a6811000 	C:\Windows\System32\CRYPT32.dll
0x0000000074780000 - 0x000000007478c000 	C:\Program Files\McAfee\Endpoint Security\Threat Prevention\Ips\EpMPThe.dll
0x00007ff879180000 - 0x00007ff8791d9000 	C:\Program Files\McAfee\Endpoint Security\Threat Prevention\Ips\HIPHandlers64.dll
0x00007ff8a7720000 - 0x00007ff8a7772000 	C:\Windows\System32\SHLWAPI.dll
0x00007ff8a4440000 - 0x00007ff8a4634000 	C:\Windows\SYSTEM32\dbghelp.dll
0x00007ff869830000 - 0x00007ff8698cb000 	C:\Program Files\AdoptOpenJDK\jdk-11.0.11.9-hotspot\bin\msvcp140.dll
0x00007ff807e40000 - 0x00007ff80898b000 	C:\Program Files\AdoptOpenJDK\jdk-11.0.11.9-hotspot\bin\server\jvm.dll
0x00007ff8a7350000 - 0x00007ff8a7358000 	C:\Windows\System32\PSAPI.DLL
0x00007ff8828c0000 - 0x00007ff8828c9000 	C:\Windows\SYSTEM32\WSOCK32.dll
0x00007ff8a3910000 - 0x00007ff8a3934000 	C:\Windows\SYSTEM32\WINMM.dll
0x00007ff8a76b0000 - 0x00007ff8a771f000 	C:\Windows\System32\WS2_32.dll
0x00007ff89e310000 - 0x00007ff89e31a000 	C:\Windows\SYSTEM32\VERSION.dll
0x00007ff8a38e0000 - 0x00007ff8a390d000 	C:\Windows\SYSTEM32\WINMMBASE.dll
0x00007ff8a6dc0000 - 0x00007ff8a6e0a000 	C:\Windows\System32\cfgmgr32.dll
0x00007ff8a5c90000 - 0x00007ff8a5ca1000 	C:\Windows\System32\kernel.appcore.dll
0x00007ff8854e0000 - 0x00007ff8854f0000 	C:\Program Files\AdoptOpenJDK\jdk-11.0.11.9-hotspot\bin\verify.dll
0x00007ff881b40000 - 0x00007ff881b6a000 	C:\Windows\SYSTEM32\dbgcore.DLL
0x00007ff876500000 - 0x00007ff876528000 	C:\Program Files\AdoptOpenJDK\jdk-11.0.11.9-hotspot\bin\java.dll
0x00007ff885160000 - 0x00007ff88516a000 	C:\Program Files\AdoptOpenJDK\jdk-11.0.11.9-hotspot\bin\jimage.dll
0x00007ff877760000 - 0x00007ff877777000 	C:\Program Files\AdoptOpenJDK\jdk-11.0.11.9-hotspot\bin\zip.dll

dbghelp: loaded successfully - version: 4.0.5 - missing functions: none
symbol engine: initialized successfully - sym options: 0x614 - pdb path: .;C:\Program Files\AdoptOpenJDK\jdk-11.0.11.9-hotspot\bin;C:\Windows\SYSTEM32;C:\Windows\WinSxS\amd64_microsoft.windows.common-controls_6595b64144ccf1df_6.0.18362.1556_none_9e7e372fe45e41d5;C:\Program Files\McAfee\Endpoint Security\Threat Prevention\Ips;C:\Program Files\AdoptOpenJDK\jdk-11.0.11.9-hotspot\bin\server

VM Arguments:
java_command: com.empmgmt.spring.SpringbootThymeleafCrudWebAppApplication
java_class_path (initial): E:\eclipse\workspace\springboot-thymeleaf-crud-web-app\target\classes;C:\Users\Syed.Kamran.FWUPK\.m2\repository\org\springframework\boot\spring-boot-starter-data-jpa\2.6.4\spring-boot-starter-data-jpa-2.6.4.jar;C:\Users\Syed.Kamran.FWUPK\.m2\repository\org\springframework\boot\spring-boot-starter-aop\2.6.4\spring-boot-starter-aop-2.6.4.jar;C:\Users\Syed.Kamran.FWUPK\.m2\repository\org\springframework\spring-aop\5.3.16\spring-aop-5.3.16.jar;C:\Users\Syed.Kamran.FWUPK\.m2\repository\org\aspectj\aspectjweaver\1.9.7\aspectjweaver-1.9.7.jar;C:\Users\Syed.Kamran.FWUPK\.m2\repository\org\springframework\boot\spring-boot-starter-jdbc\2.6.4\spring-boot-starter-jdbc-2.6.4.jar;C:\Users\Syed.Kamran.FWUPK\.m2\repository\com\zaxxer\HikariCP\4.0.3\HikariCP-4.0.3.jar;C:\Users\Syed.Kamran.FWUPK\.m2\repository\org\springframework\spring-jdbc\5.3.16\spring-jdbc-5.3.16.jar;C:\Users\Syed.Kamran.FWUPK\.m2\repository\jakarta\transaction\jakarta.transaction-api\1.3.3\jakarta.transaction-api-1.3.3.jar;C:\Users\Syed.Kamran.FWUPK\.m2\repository\jakarta\persistence\jakarta.persistence-api\2.2.3\jakarta.persistence-api-2.2.3.jar;C:\Users\Syed.Kamran.FWUPK\.m2\repository\org\hibernate\hibernate-core\5.6.5.Final\hibernate-core-5.6.5.Final.jar;C:\Users\Syed.Kamran.FWUPK\.m2\repository\org\jboss\logging\jboss-logging\3.4.3.Final\jboss-logging-3.4.3.Final.jar;C:\Users\Syed.Kamran.FWUPK\.m2\repository\net\bytebuddy\byte-buddy\1.11.22\byte-buddy-1.11.22.jar;C:\Users\Syed.Kamran.FWUPK\.m2\repository\antlr\antlr\2.7.7\antlr-2.7.7.jar;C:\Users\Syed.Kamran.FWUPK\.m2\repository\org\jboss\jandex\2.4.2.Final\jandex-2.4.2.Final.jar;C:\Users\Syed.Kamran.FWUPK\.m2\repository\com\fasterxml\classmate\1.5.1\classmate-1.5.1.jar;C:\Users\Syed.Kamran.FWUPK\.m2\repository\org\hibernate\common\hibernate-commons-annotations\5.1.2.Final\hibernate-commons-annotations-5.1.2.Final.jar;C:\Users\Syed.Kamran.FWUPK\.m2\repository\org\glassfish\jaxb\jaxb-runtime\2.3.6\jaxb-runtime-2.3.6.jar;C:\Users\
Launcher Type: SUN_STANDARD

[Global flags]
     intx CICompilerCount                          = 4                                         {product} {ergonomic}
     uint ConcGCThreads                            = 2                                         {product} {ergonomic}
     uint G1ConcRefinementThreads                  = 8                                         {product} {ergonomic}
   size_t G1HeapRegionSize                         = 1048576                                   {product} {ergonomic}
    uintx GCDrainStackTargetSize                   = 64                                        {product} {ergonomic}
   size_t InitialHeapSize                          = 132120576                                 {product} {ergonomic}
   size_t MarkStackSize                            = 4194304                                   {product} {ergonomic}
   size_t MaxHeapSize                              = 2113929216                                {product} {ergonomic}
   size_t MinHeapDeltaBytes                        = 1048576                                   {product} {ergonomic}
    uintx NonNMethodCodeHeapSize                   = 5836300                                {pd product} {ergonomic}
    uintx NonProfiledCodeHeapSize                  = 122910970                              {pd product} {ergonomic}
    uintx ProfiledCodeHeapSize                     = 122910970                              {pd product} {ergonomic}
    uintx ReservedCodeCacheSize                    = 251658240                              {pd product} {ergonomic}
     bool SegmentedCodeCache                       = true                                      {product} {ergonomic}
     bool UseCompressedClassPointers               = true                                 {lp64_product} {ergonomic}
     bool UseCompressedOops                        = true                                 {lp64_product} {ergonomic}
     bool UseG1GC                                  = true                                      {product} {ergonomic}
     bool UseLargePagesIndividualAllocation        = false                                  {pd product} {ergonomic}

Logging:
Log output configuration:
 #0: stdout all=warning uptime,level,tags
 #1: stderr all=off uptime,level,tags

Environment Variables:
JAVA_HOME=C:\Program Files\AdoptOpenJDK\jdk-11.0.11.9-hotspot\
PATH=C:\Program Files\AdoptOpenJDK\jdk-11.0.11.9-hotspot\bin;C:\Program Files (x86)\Common Files\Oracle\Java\javapath;C:\Windows\system32;C:\Windows;C:\Windows\System32\Wbem;C:\Windows\System32\WindowsPowerShell\v1.0\;C:\Windows\System32\OpenSSH\;C:\Program Files\Microsoft SQL Server\120\DTS\Binn\;C:\Program Files\Microsoft SQL Server\Client SDK\ODBC\110\Tools\Binn\;C:\Program Files (x86)\Microsoft SQL Server\120\Tools\Binn\;C:\Program Files\Microsoft SQL Server\120\Tools\Binn\;C:\Program Files (x86)\Microsoft SQL Server\120\Tools\Binn\ManagementStudio\;C:\Program Files (x86)\Microsoft SQL Server\120\DTS\Binn\;C:\Program Files\Git\cmd;c:\src\flutter\bin;C:\Program Files\dotnet\;C:\Program Files\Microsoft SQL Server\130\Tools\Binn\;C:\Program Files\Microsoft SQL Server\Client SDK\ODBC\170\Tools\Binn\;E:\apache-maven-3.6.3\bin;C:\Program Files\Java\jdk1.8.0_191\bin\;C:\Program Files\nodejs;C:\Users\Syed.Kamran.FWUPK\AppData\Local\Microsoft\WindowsApps;E:\apache-maven-3.6.3\bin;E:\apache-maven-3.6.3\bin;C:\Program Files\Java\jdk1.8.0_191\bin\;C:\Program Files\Java\jdk1.8.0_191\;E:\Microsoft VS Code\bin;C:\Users\Syed.Kamran.FWUPK\AppData\Roaming\npm;C:\Program Files\nodejs\bin\;
USERNAME=Syed.Kamran
LANG=en_US.UTF-8
OS=Windows_NT
PROCESSOR_IDENTIFIER=Intel64 Family 6 Model 142 Stepping 11, GenuineIntel



---------------  S Y S T E M  ---------------

OS: Windows 10 , 64 bit Build 18362 (10.0.18362.1500)
OS uptime: 81 days 0:26 hours

CPU:total 8 (initial active 8) (4 cores per cpu, 2 threads per core) family 6 model 142 stepping 11 microcode 0xde, cmov, cx8, fxsr, mmx, sse, sse2, sse3, ssse3, sse4.1, sse4.2, popcnt, avx, avx2, aes, clmul, erms, 3dnowpref, lzcnt, ht, tsc, tscinvbit, bmi1, bmi2, adx, fma

Memory: 4k page, system-wide physical 8062M (444M free)
TotalPageFile size 32638M (AvailPageFile size 106M)
current process WorkingSet (physical memory assigned to process): 11M, peak: 11M
current process commit charge ("private bytes"): 61M, peak: 187M

vm_info: OpenJDK 64-Bit Server VM (11.0.11+9) for windows-amd64 JRE (11.0.11+9), built on Apr 20 2021 21:22:09 by "" with MS VC++ 15.9 (VS2017)

END.
